# JRE version: OpenJDK Runtime Environment JBR-17.0.8+7-1000.8-nomod (17.0.8+7) (build 17.0.8+7-b1000.8)
# Java VM: OpenJDK 64-Bit Server VM JBR-17.0.8+7-1000.8-nomod (17.0.8+7-b1000.8, mixed mode, tiered, compressed oops, compressed class ptrs, g1 gc, windows-amd64)
GC Precious Log:
 CPUs: 4 total, 4 available
 Memory: 6023M
 Large Page Support: Disabled
 NUMA Support: Disabled
 Compressed Oops: Enabled (32-bit)
 Heap Region Size: 1M
 Heap Min Capacity: 8M
 Heap Initial Capacity: 96M
 Heap Max Capacity: 2G
 Pre-touch: Disabled
 Parallel Workers: 4
 Concurrent Workers: 1
 Concurrent Refinement Workers: 4
 Periodic GC: Disabled
Heap:
 garbage-first heap   total 534528K, used 327073K [0x0000000080000000, 0x0000000100000000)
  region size 1024K, 175 young (179200K), 2 survivors (2048K)
 Metaspace       used 94220K, committed 94912K, reserved 1179648K
  class space    used 12866K, committed 13184K, reserved 1048576K
GC Heap History (20 events):
Event: 38.882 GC heap before
{Heap before GC invocations=53 (full 0):
 garbage-first heap   total 143360K, used 116369K [0x0000000080000000, 0x0000000100000000)
  region size 1024K, 34 young (34816K), 5 survivors (5120K)
 Metaspace       used 87536K, committed 88192K, reserved 1179648K
  class space    used 11781K, committed 12096K, reserved 1048576K
}
Event: 38.894 GC heap after
{Heap after GC invocations=54 (full 0):
 garbage-first heap   total 143360K, used 89892K [0x0000000080000000, 0x0000000100000000)
  region size 1024K, 5 young (5120K), 5 survivors (5120K)
 Metaspace       used 87536K, committed 88192K, reserved 1179648K
  class space    used 11781K, committed 12096K, reserved 1048576K
}
Event: 39.995 GC heap before
{Heap before GC invocations=54 (full 0):
 garbage-first heap   total 143360K, used 117540K [0x0000000080000000, 0x0000000100000000)
  region size 1024K, 33 young (33792K), 5 survivors (5120K)
 Metaspace       used 87882K, committed 88576K, reserved 1179648K
  class space    used 11805K, committed 12096K, reserved 1048576K
}
Event: 40.004 GC heap after
{Heap after GC invocations=55 (full 0):
 garbage-first heap   total 143360K, used 91951K [0x0000000080000000, 0x0000000100000000)
  region size 1024K, 5 young (5120K), 5 survivors (5120K)
 Metaspace       used 87882K, committed 88576K, reserved 1179648K
  class space    used 11805K, committed 12096K, reserved 1048576K
}
Event: 40.847 GC heap before
{Heap before GC invocations=55 (full 0):
 garbage-first heap   total 143360K, used 118575K [0x0000000080000000, 0x0000000100000000)
  region size 1024K, 32 young (32768K), 5 survivors (5120K)
 Metaspace       used 87954K, committed 88640K, reserved 1179648K
  class space    used 11808K, committed 12096K, reserved 1048576K
}
Event: 40.855 GC heap after
{Heap after GC invocations=56 (full 0):
 garbage-first heap   total 143360K, used 93734K [0x0000000080000000, 0x0000000100000000)
  region size 1024K, 4 young (4096K), 4 survivors (4096K)
 Metaspace       used 87954K, committed 88640K, reserved 1179648K
  class space    used 11808K, committed 12096K, reserved 1048576K
}
Event: 41.511 GC heap before
{Heap before GC invocations=56 (full 0):
 garbage-first heap   total 143360K, used 120358K [0x0000000080000000, 0x0000000100000000)
  region size 1024K, 31 young (31744K), 4 survivors (4096K)
 Metaspace       used 87985K, committed 88704K, reserved 1179648K
  class space    used 11811K, committed 12096K, reserved 1048576K
}
Event: 41.518 GC heap after
{Heap after GC invocations=57 (full 0):
 garbage-first heap   total 143360K, used 95535K [0x0000000080000000, 0x0000000100000000)
  region size 1024K, 4 young (4096K), 4 survivors (4096K)
 Metaspace       used 87985K, committed 88704K, reserved 1179648K
  class space    used 11811K, committed 12096K, reserved 1048576K
}
Event: 42.253 GC heap before
{Heap before GC invocations=57 (full 0):
 garbage-first heap   total 143360K, used 119087K [0x0000000080000000, 0x0000000100000000)
  region size 1024K, 29 young (29696K), 4 survivors (4096K)
 Metaspace       used 88587K, committed 89280K, reserved 1179648K
  class space    used 11907K, committed 12224K, reserved 1048576K
}
Event: 42.270 GC heap after
{Heap after GC invocations=58 (full 0):
 garbage-first heap   total 172032K, used 96771K [0x0000000080000000, 0x0000000100000000)
  region size 1024K, 3 young (3072K), 3 survivors (3072K)
 Metaspace       used 88587K, committed 89280K, reserved 1179648K
  class space    used 11907K, committed 12224K, reserved 1048576K
}
Event: 42.291 GC heap before
{Heap before GC invocations=58 (full 0):
 garbage-first heap   total 172032K, used 105987K [0x0000000080000000, 0x0000000100000000)
  region size 1024K, 4 young (4096K), 3 survivors (3072K)
 Metaspace       used 88587K, committed 89280K, reserved 1179648K
  class space    used 11907K, committed 12224K, reserved 1048576K
}
Event: 42.296 GC heap after
{Heap after GC invocations=59 (full 0):
 garbage-first heap   total 172032K, used 105842K [0x0000000080000000, 0x0000000100000000)
  region size 1024K, 3 young (3072K), 3 survivors (3072K)
 Metaspace       used 88587K, committed 89280K, reserved 1179648K
  class space    used 11907K, committed 12224K, reserved 1048576K
}
Event: 43.225 GC heap before
{Heap before GC invocations=59 (full 0):
 garbage-first heap   total 172032K, used 126322K [0x0000000080000000, 0x0000000100000000)
  region size 1024K, 16 young (16384K), 3 survivors (3072K)
 Metaspace       used 91522K, committed 92160K, reserved 1179648K
  class space    used 12341K, committed 12608K, reserved 1048576K
}
Event: 43.233 GC heap after
{Heap after GC invocations=60 (full 0):
 garbage-first heap   total 172032K, used 116935K [0x0000000080000000, 0x0000000100000000)
  region size 1024K, 5 young (5120K), 5 survivors (5120K)
 Metaspace       used 91522K, committed 92160K, reserved 1179648K
  class space    used 12341K, committed 12608K, reserved 1048576K
}
Event: 43.265 GC heap before
{Heap before GC invocations=60 (full 0):
 garbage-first heap   total 172032K, used 157895K [0x0000000080000000, 0x0000000100000000)
  region size 1024K, 6 young (6144K), 5 survivors (5120K)
 Metaspace       used 91524K, committed 92160K, reserved 1179648K
  class space    used 12341K, committed 12608K, reserved 1048576K
}
Event: 43.273 GC heap after
{Heap after GC invocations=61 (full 0):
 garbage-first heap   total 172032K, used 137459K [0x0000000080000000, 0x0000000100000000)
  region size 1024K, 3 young (3072K), 3 survivors (3072K)
 Metaspace       used 91524K, committed 92160K, reserved 1179648K
  class space    used 12341K, committed 12608K, reserved 1048576K
}
Event: 43.608 GC heap before
{Heap before GC invocations=61 (full 0):
 garbage-first heap   total 172032K, used 164083K [0x0000000080000000, 0x0000000100000000)
  region size 1024K, 13 young (13312K), 3 survivors (3072K)
 Metaspace       used 91791K, committed 92480K, reserved 1179648K
  class space    used 12387K, committed 12672K, reserved 1048576K
}
Event: 43.624 GC heap after
{Heap after GC invocations=62 (full 0):
 garbage-first heap   total 173056K, used 139073K [0x0000000080000000, 0x0000000100000000)
  region size 1024K, 2 young (2048K), 2 survivors (2048K)
 Metaspace       used 91791K, committed 92480K, reserved 1179648K
  class space    used 12387K, committed 12672K, reserved 1048576K
}
Event: 43.947 GC heap before
{Heap before GC invocations=62 (full 0):
 garbage-first heap   total 252928K, used 151361K [0x0000000080000000, 0x0000000100000000)
  region size 1024K, 12 young (12288K), 2 survivors (2048K)
 Metaspace       used 91824K, committed 92480K, reserved 1179648K
  class space    used 12387K, committed 12672K, reserved 1048576K
}
Event: 43.963 GC heap after
{Heap after GC invocations=63 (full 0):
 garbage-first heap   total 534528K, used 145825K [0x0000000080000000, 0x0000000100000000)
  region size 1024K, 2 young (2048K), 2 survivors (2048K)
 Metaspace       used 91824K, committed 92480K, reserved 1179648K
  class space    used 12387K, committed 12672K, reserved 1048576K
}

