# JRE version: OpenJDK Runtime Environment JBR-17.0.8+7-1000.8-nomod (17.0.8+7) (build 17.0.8+7-b1000.8)
# Java VM: OpenJDK 64-Bit Server VM JBR-17.0.8+7-1000.8-nomod (17.0.8+7-b1000.8, mixed mode, tiered, compressed oops, compressed class ptrs, g1 gc, windows-amd64)
GC Precious Log:
 CPUs: 4 total, 4 available
 Memory: 6023M
 Large Page Support: Disabled
 NUMA Support: Disabled
 Compressed Oops: Enabled (32-bit)
 Heap Region Size: 1M
 Heap Min Capacity: 8M
 Heap Initial Capacity: 96M
 Heap Max Capacity: 2G
 Pre-touch: Disabled
 Parallel Workers: 4
 Concurrent Workers: 1
 Concurrent Refinement Workers: 4
 Periodic GC: Disabled
Heap:
 garbage-first heap   total 470016K, used 350813K [0x0000000080000000, 0x0000000100000000)
  region size 1024K, 8 young (8192K), 8 survivors (8192K)
 Metaspace       used 98061K, committed 98816K, reserved 1179648K
  class space    used 13407K, committed 13760K, reserved 1048576K
GC Heap History (20 events):
Event: 23.729 GC heap after
{Heap after GC invocations=43 (full 0):
 garbage-first heap   total 181248K, used 94516K [0x0000000080000000, 0x0000000100000000)
  region size 1024K, 1 young (1024K), 1 survivors (1024K)
 Metaspace       used 88389K, committed 89024K, reserved 1179648K
  class space    used 11912K, committed 12224K, reserved 1048576K
}
Event: 24.726 GC heap before
{Heap before GC invocations=43 (full 0):
 garbage-first heap   total 199680K, used 192820K [0x0000000080000000, 0x0000000100000000)
  region size 1024K, 23 young (23552K), 1 survivors (1024K)
 Metaspace       used 91669K, committed 92288K, reserved 1179648K
  class space    used 12402K, committed 12672K, reserved 1048576K
}
Event: 24.730 GC heap after
{Heap after GC invocations=44 (full 0):
 garbage-first heap   total 199680K, used 133340K [0x0000000080000000, 0x0000000100000000)
  region size 1024K, 3 young (3072K), 3 survivors (3072K)
 Metaspace       used 91669K, committed 92288K, reserved 1179648K
  class space    used 12402K, committed 12672K, reserved 1048576K
}
Event: 25.549 GC heap before
{Heap before GC invocations=45 (full 0):
 garbage-first heap   total 239616K, used 170204K [0x0000000080000000, 0x0000000100000000)
  region size 1024K, 37 young (37888K), 3 survivors (3072K)
 Metaspace       used 91726K, committed 92352K, reserved 1179648K
  class space    used 12403K, committed 12672K, reserved 1048576K
}
Event: 25.579 GC heap after
{Heap after GC invocations=46 (full 0):
 garbage-first heap   total 239616K, used 149434K [0x0000000080000000, 0x0000000100000000)
  region size 1024K, 5 young (5120K), 5 survivors (5120K)
 Metaspace       used 91726K, committed 92352K, reserved 1179648K
  class space    used 12403K, committed 12672K, reserved 1048576K
}
Event: 25.779 GC heap before
{Heap before GC invocations=46 (full 0):
 garbage-first heap   total 239616K, used 155578K [0x0000000080000000, 0x0000000100000000)
  region size 1024K, 11 young (11264K), 5 survivors (5120K)
 Metaspace       used 91726K, committed 92352K, reserved 1179648K
  class space    used 12403K, committed 12672K, reserved 1048576K
}
Event: 25.797 GC heap after
{Heap after GC invocations=47 (full 0):
 garbage-first heap   total 470016K, used 153251K [0x0000000080000000, 0x0000000100000000)
  region size 1024K, 2 young (2048K), 2 survivors (2048K)
 Metaspace       used 91726K, committed 92352K, reserved 1179648K
  class space    used 12403K, committed 12672K, reserved 1048576K
}
Event: 29.066 GC heap before
{Heap before GC invocations=47 (full 0):
 garbage-first heap   total 470016K, used 332451K [0x0000000080000000, 0x0000000100000000)
  region size 1024K, 169 young (173056K), 2 survivors (2048K)
 Metaspace       used 94167K, committed 94912K, reserved 1179648K
  class space    used 12887K, committed 13248K, reserved 1048576K
}
Event: 29.338 GC heap after
{Heap after GC invocations=48 (full 0):
 garbage-first heap   total 470016K, used 244034K [0x0000000080000000, 0x0000000100000000)
  region size 1024K, 22 young (22528K), 22 survivors (22528K)
 Metaspace       used 94167K, committed 94912K, reserved 1179648K
  class space    used 12887K, committed 13248K, reserved 1048576K
}
Event: 29.641 GC heap before
{Heap before GC invocations=48 (full 0):
 garbage-first heap   total 470016K, used 279874K [0x0000000080000000, 0x0000000100000000)
  region size 1024K, 57 young (58368K), 22 survivors (22528K)
 Metaspace       used 94167K, committed 94912K, reserved 1179648K
  class space    used 12887K, committed 13248K, reserved 1048576K
}
Event: 29.755 GC heap after
{Heap after GC invocations=49 (full 0):
 garbage-first heap   total 470016K, used 262656K [0x0000000080000000, 0x0000000100000000)
  region size 1024K, 8 young (8192K), 8 survivors (8192K)
 Metaspace       used 94167K, committed 94912K, reserved 1179648K
  class space    used 12887K, committed 13248K, reserved 1048576K
}
Event: 32.020 GC heap before
{Heap before GC invocations=49 (full 0):
 garbage-first heap   total 470016K, used 346624K [0x0000000080000000, 0x0000000100000000)
  region size 1024K, 87 young (89088K), 8 survivors (8192K)
 Metaspace       used 97203K, committed 97920K, reserved 1179648K
  class space    used 13303K, committed 13632K, reserved 1048576K
}
Event: 32.050 GC heap after
{Heap after GC invocations=50 (full 0):
 garbage-first heap   total 470016K, used 274944K [0x0000000080000000, 0x0000000100000000)
  region size 1024K, 10 young (10240K), 10 survivors (10240K)
 Metaspace       used 97203K, committed 97920K, reserved 1179648K
  class space    used 13303K, committed 13632K, reserved 1048576K
}
Event: 33.932 GC heap before
{Heap before GC invocations=50 (full 0):
 garbage-first heap   total 470016K, used 374272K [0x0000000080000000, 0x0000000100000000)
  region size 1024K, 89 young (91136K), 10 survivors (10240K)
 Metaspace       used 97722K, committed 98432K, reserved 1179648K
  class space    used 13362K, committed 13696K, reserved 1048576K
}
Event: 33.966 GC heap after
{Heap after GC invocations=51 (full 0):
 garbage-first heap   total 470016K, used 298975K [0x0000000080000000, 0x0000000100000000)
  region size 1024K, 8 young (8192K), 8 survivors (8192K)
 Metaspace       used 97722K, committed 98432K, reserved 1179648K
  class space    used 13362K, committed 13696K, reserved 1048576K
}
Event: 34.809 GC heap before
{Heap before GC invocations=51 (full 0):
 garbage-first heap   total 470016K, used 395231K [0x0000000080000000, 0x0000000100000000)
  region size 1024K, 80 young (81920K), 8 survivors (8192K)
 Metaspace       used 97946K, committed 98688K, reserved 1179648K
  class space    used 13394K, committed 13760K, reserved 1048576K
}
Event: 34.832 GC heap after
{Heap after GC invocations=52 (full 0):
 garbage-first heap   total 470016K, used 327616K [0x0000000080000000, 0x0000000100000000)
  region size 1024K, 8 young (8192K), 8 survivors (8192K)
 Metaspace       used 97946K, committed 98688K, reserved 1179648K
  class space    used 13394K, committed 13760K, reserved 1048576K
}
Event: 35.032 GC heap before
{Heap before GC invocations=52 (full 0):
 garbage-first heap   total 470016K, used 385984K [0x0000000080000000, 0x0000000100000000)
  region size 1024K, 65 young (66560K), 8 survivors (8192K)
 Metaspace       used 98061K, committed 98816K, reserved 1179648K
  class space    used 13407K, committed 13760K, reserved 1048576K
}
Event: 35.059 GC heap after
{Heap after GC invocations=53 (full 0):
 garbage-first heap   total 470016K, used 339467K [0x0000000080000000, 0x0000000100000000)
  region size 1024K, 9 young (9216K), 9 survivors (9216K)
 Metaspace       used 98061K, committed 98816K, reserved 1179648K
  class space    used 13407K, committed 13760K, reserved 1048576K
}
Event: 35.151 GC heap before
{Heap before GC invocations=53 (full 0):
 garbage-first heap   total 470016K, used 390667K [0x0000000080000000, 0x0000000100000000)
  region size 1024K, 59 young (60416K), 9 survivors (9216K)
 Metaspace       used 98061K, committed 98816K, reserved 1179648K
  class space    used 13407K, committed 13760K, reserved 1048576K
}

