# JRE version: OpenJDK Runtime Environment JBR-17.0.8+7-1000.8-nomod (17.0.8+7) (build 17.0.8+7-b1000.8)
# Java VM: OpenJDK 64-Bit Server VM JBR-17.0.8+7-1000.8-nomod (17.0.8+7-b1000.8, mixed mode, tiered, compressed oops, compressed class ptrs, g1 gc, windows-amd64)
GC Precious Log:
 CPUs: 4 total, 4 available
 Memory: 6023M
 Large Page Support: Disabled
 NUMA Support: Disabled
 Compressed Oops: Enabled (32-bit)
 Heap Region Size: 1M
 Heap Min Capacity: 8M
 Heap Initial Capacity: 96M
 Heap Max Capacity: 2G
 Pre-touch: Disabled
 Parallel Workers: 4
 Concurrent Workers: 1
 Concurrent Refinement Workers: 4
 Periodic GC: Disabled
Heap:
 garbage-first heap   total 337920K, used 221184K [0x0000000080000000, 0x0000000100000000)
  region size 1024K, 19 young (19456K), 11 survivors (11264K)
 Metaspace       used 94149K, committed 94848K, reserved 1179648K
  class space    used 12871K, committed 13184K, reserved 1048576K
GC Heap History (20 events):
Event: 19.390 GC heap before
{Heap before GC invocations=45 (full 0):
 garbage-first heap   total 150528K, used 106386K [0x0000000080000000, 0x0000000100000000)
  region size 1024K, 31 young (31744K), 5 survivors (5120K)
 Metaspace       used 86633K, committed 87232K, reserved 1179648K
  class space    used 11715K, committed 11968K, reserved 1048576K
}
Event: 19.400 GC heap after
{Heap after GC invocations=46 (full 0):
 garbage-first heap   total 150528K, used 84061K [0x0000000080000000, 0x0000000100000000)
  region size 1024K, 3 young (3072K), 3 survivors (3072K)
 Metaspace       used 86633K, committed 87232K, reserved 1179648K
  class space    used 11715K, committed 11968K, reserved 1048576K
}
Event: 19.460 GC heap before
{Heap before GC invocations=46 (full 0):
 garbage-first heap   total 150528K, used 87133K [0x0000000080000000, 0x0000000100000000)
  region size 1024K, 7 young (7168K), 3 survivors (3072K)
 Metaspace       used 86675K, committed 87296K, reserved 1179648K
  class space    used 11715K, committed 11968K, reserved 1048576K
}
Event: 19.466 GC heap after
{Heap after GC invocations=47 (full 0):
 garbage-first heap   total 150528K, used 84021K [0x0000000080000000, 0x0000000100000000)
  region size 1024K, 1 young (1024K), 1 survivors (1024K)
 Metaspace       used 86675K, committed 87296K, reserved 1179648K
  class space    used 11715K, committed 11968K, reserved 1048576K
}
Event: 20.025 GC heap before
{Heap before GC invocations=47 (full 0):
 garbage-first heap   total 150528K, used 119861K [0x0000000080000000, 0x0000000100000000)
  region size 1024K, 37 young (37888K), 1 survivors (1024K)
 Metaspace       used 86943K, committed 87616K, reserved 1179648K
  class space    used 11736K, committed 12032K, reserved 1048576K
}
Event: 20.031 GC heap after
{Heap after GC invocations=48 (full 0):
 garbage-first heap   total 243712K, used 86454K [0x0000000080000000, 0x0000000100000000)
  region size 1024K, 3 young (3072K), 3 survivors (3072K)
 Metaspace       used 86943K, committed 87616K, reserved 1179648K
  class space    used 11736K, committed 12032K, reserved 1048576K
}
Event: 22.621 GC heap before
{Heap before GC invocations=49 (full 0):
 garbage-first heap   total 243712K, used 186806K [0x0000000080000000, 0x0000000100000000)
  region size 1024K, 102 young (104448K), 3 survivors (3072K)
 Metaspace       used 87849K, committed 88512K, reserved 1179648K
  class space    used 11808K, committed 12096K, reserved 1048576K
}
Event: 22.650 GC heap after
{Heap after GC invocations=50 (full 0):
 garbage-first heap   total 243712K, used 93167K [0x0000000080000000, 0x0000000100000000)
  region size 1024K, 10 young (10240K), 10 survivors (10240K)
 Metaspace       used 87849K, committed 88512K, reserved 1179648K
  class space    used 11808K, committed 12096K, reserved 1048576K
}
Event: 22.697 GC heap before
{Heap before GC invocations=50 (full 0):
 garbage-first heap   total 243712K, used 94191K [0x0000000080000000, 0x0000000100000000)
  region size 1024K, 11 young (11264K), 10 survivors (10240K)
 Metaspace       used 87849K, committed 88512K, reserved 1179648K
  class space    used 11808K, committed 12096K, reserved 1048576K
}
Event: 22.709 GC heap after
{Heap after GC invocations=51 (full 0):
 garbage-first heap   total 243712K, used 93741K [0x0000000080000000, 0x0000000100000000)
  region size 1024K, 2 young (2048K), 2 survivors (2048K)
 Metaspace       used 87849K, committed 88512K, reserved 1179648K
  class space    used 11808K, committed 12096K, reserved 1048576K
}
Event: 23.853 GC heap before
{Heap before GC invocations=51 (full 0):
 garbage-first heap   total 243712K, used 148013K [0x0000000080000000, 0x0000000100000000)
  region size 1024K, 48 young (49152K), 2 survivors (2048K)
 Metaspace       used 88490K, committed 89088K, reserved 1179648K
  class space    used 11908K, committed 12160K, reserved 1048576K
}
Event: 23.860 GC heap after
{Heap after GC invocations=52 (full 0):
 garbage-first heap   total 243712K, used 104181K [0x0000000080000000, 0x0000000100000000)
  region size 1024K, 3 young (3072K), 3 survivors (3072K)
 Metaspace       used 88490K, committed 89088K, reserved 1179648K
  class space    used 11908K, committed 12160K, reserved 1048576K
}
Event: 24.233 GC heap before
{Heap before GC invocations=52 (full 0):
 garbage-first heap   total 243712K, used 125685K [0x0000000080000000, 0x0000000100000000)
  region size 1024K, 17 young (17408K), 3 survivors (3072K)
 Metaspace       used 91425K, committed 92032K, reserved 1179648K
  class space    used 12342K, committed 12608K, reserved 1048576K
}
Event: 24.239 GC heap after
{Heap after GC invocations=53 (full 0):
 garbage-first heap   total 243712K, used 115287K [0x0000000080000000, 0x0000000100000000)
  region size 1024K, 5 young (5120K), 5 survivors (5120K)
 Metaspace       used 91425K, committed 92032K, reserved 1179648K
  class space    used 12342K, committed 12608K, reserved 1048576K
}
Event: 25.332 GC heap before
{Heap before GC invocations=54 (full 0):
 garbage-first heap   total 337920K, used 260695K [0x0000000080000000, 0x0000000100000000)
  region size 1024K, 81 young (82944K), 5 survivors (5120K)
 Metaspace       used 91740K, committed 92352K, reserved 1179648K
  class space    used 12388K, committed 12672K, reserved 1048576K
}
Event: 25.426 GC heap after
{Heap after GC invocations=55 (full 0):
 garbage-first heap   total 337920K, used 171256K [0x0000000080000000, 0x0000000100000000)
  region size 1024K, 11 young (11264K), 11 survivors (11264K)
 Metaspace       used 91740K, committed 92352K, reserved 1179648K
  class space    used 12388K, committed 12672K, reserved 1048576K
}
Event: 25.622 GC heap before
{Heap before GC invocations=55 (full 0):
 garbage-first heap   total 337920K, used 176376K [0x0000000080000000, 0x0000000100000000)
  region size 1024K, 16 young (16384K), 11 survivors (11264K)
 Metaspace       used 93314K, committed 93952K, reserved 1179648K
  class space    used 12800K, committed 13120K, reserved 1048576K
}
Event: 25.661 GC heap after
{Heap after GC invocations=56 (full 0):
 garbage-first heap   total 337920K, used 172848K [0x0000000080000000, 0x0000000100000000)
  region size 1024K, 2 young (2048K), 2 survivors (2048K)
 Metaspace       used 93314K, committed 93952K, reserved 1179648K
  class space    used 12800K, committed 13120K, reserved 1048576K
}
Event: 26.766 GC heap before
{Heap before GC invocations=56 (full 0):
 garbage-first heap   total 337920K, used 256816K [0x0000000080000000, 0x0000000100000000)
  region size 1024K, 85 young (87040K), 2 survivors (2048K)
 Metaspace       used 94149K, committed 94848K, reserved 1179648K
  class space    used 12871K, committed 13184K, reserved 1048576K
}
Event: 26.856 GC heap after
{Heap after GC invocations=57 (full 0):
 garbage-first heap   total 337920K, used 216064K [0x0000000080000000, 0x0000000100000000)
  region size 1024K, 11 young (11264K), 11 survivors (11264K)
 Metaspace       used 94149K, committed 94848K, reserved 1179648K
  class space    used 12871K, committed 13184K, reserved 1048576K
}

