# JRE version: OpenJDK Runtime Environment JBR-17.0.8+7-1000.8-nomod (17.0.8+7) (build 17.0.8+7-b1000.8)
# Java VM: OpenJDK 64-Bit Server VM JBR-17.0.8+7-1000.8-nomod (17.0.8+7-b1000.8, mixed mode, tiered, compressed oops, compressed class ptrs, g1 gc, windows-amd64)
GC Precious Log:
 CPUs: 4 total, 4 available
 Memory: 6023M
 Large Page Support: Disabled
 NUMA Support: Disabled
 Compressed Oops: Enabled (32-bit)
 Heap Region Size: 1M
 Heap Min Capacity: 8M
 Heap Initial Capacity: 96M
 Heap Max Capacity: 2G
 Pre-touch: Disabled
 Parallel Workers: 4
 Concurrent Workers: 1
 Concurrent Refinement Workers: 4
 Periodic GC: Disabled
Heap:
 garbage-first heap   total 502784K, used 380215K [0x0000000080000000, 0x0000000100000000)
  region size 1024K, 6 young (6144K), 6 survivors (6144K)
 Metaspace       used 103580K, committed 104256K, reserved 1179648K
  class space    used 14100K, committed 14400K, reserved 1048576K
GC Heap History (20 events):
Event: 44.663 GC heap after
{Heap after GC invocations=52 (full 0):
 garbage-first heap   total 250880K, used 150528K [0x0000000080000000, 0x0000000100000000)
  region size 1024K, 4 young (4096K), 4 survivors (4096K)
 Metaspace       used 97187K, committed 97920K, reserved 1179648K
  class space    used 13095K, committed 13440K, reserved 1048576K
}
Event: 44.730 GC heap before
{Heap before GC invocations=52 (full 0):
 garbage-first heap   total 250880K, used 157696K [0x0000000080000000, 0x0000000100000000)
  region size 1024K, 12 young (12288K), 4 survivors (4096K)
 Metaspace       used 97189K, committed 97920K, reserved 1179648K
  class space    used 13095K, committed 13440K, reserved 1048576K
}
Event: 44.752 GC heap after
{Heap after GC invocations=53 (full 0):
 garbage-first heap   total 250880K, used 154114K [0x0000000080000000, 0x0000000100000000)
  region size 1024K, 2 young (2048K), 2 survivors (2048K)
 Metaspace       used 97189K, committed 97920K, reserved 1179648K
  class space    used 13095K, committed 13440K, reserved 1048576K
}
Event: 45.414 GC heap before
{Heap before GC invocations=53 (full 0):
 garbage-first heap   total 250880K, used 202242K [0x0000000080000000, 0x0000000100000000)
  region size 1024K, 44 young (45056K), 2 survivors (2048K)
 Metaspace       used 97930K, committed 98624K, reserved 1179648K
  class space    used 13231K, committed 13568K, reserved 1048576K
}
Event: 45.468 GC heap after
{Heap after GC invocations=54 (full 0):
 garbage-first heap   total 250880K, used 177443K [0x0000000080000000, 0x0000000100000000)
  region size 1024K, 6 young (6144K), 6 survivors (6144K)
 Metaspace       used 97930K, committed 98624K, reserved 1179648K
  class space    used 13231K, committed 13568K, reserved 1048576K
}
Event: 45.853 GC heap before
{Heap before GC invocations=54 (full 0):
 garbage-first heap   total 250880K, used 202019K [0x0000000080000000, 0x0000000100000000)
  region size 1024K, 31 young (31744K), 6 survivors (6144K)
 Metaspace       used 99536K, committed 100224K, reserved 1179648K
  class space    used 13574K, committed 13888K, reserved 1048576K
}
Event: 45.890 GC heap after
{Heap after GC invocations=55 (full 0):
 garbage-first heap   total 502784K, used 189944K [0x0000000080000000, 0x0000000100000000)
  region size 1024K, 4 young (4096K), 4 survivors (4096K)
 Metaspace       used 99536K, committed 100224K, reserved 1179648K
  class space    used 13574K, committed 13888K, reserved 1048576K
}
Event: 49.324 GC heap before
{Heap before GC invocations=55 (full 0):
 garbage-first heap   total 502784K, used 356856K [0x0000000080000000, 0x0000000100000000)
  region size 1024K, 162 young (165888K), 4 survivors (4096K)
 Metaspace       used 101143K, committed 101824K, reserved 1179648K
  class space    used 13791K, committed 14080K, reserved 1048576K
}
Event: 49.523 GC heap after
{Heap after GC invocations=56 (full 0):
 garbage-first heap   total 502784K, used 273408K [0x0000000080000000, 0x0000000100000000)
  region size 1024K, 21 young (21504K), 21 survivors (21504K)
 Metaspace       used 101143K, committed 101824K, reserved 1179648K
  class space    used 13791K, committed 14080K, reserved 1048576K
}
Event: 49.831 GC heap before
{Heap before GC invocations=56 (full 0):
 garbage-first heap   total 502784K, used 279552K [0x0000000080000000, 0x0000000100000000)
  region size 1024K, 27 young (27648K), 21 survivors (21504K)
 Metaspace       used 101734K, committed 102464K, reserved 1179648K
  class space    used 13874K, committed 14208K, reserved 1048576K
}
Event: 50.037 GC heap after
{Heap after GC invocations=57 (full 0):
 garbage-first heap   total 502784K, used 276992K [0x0000000080000000, 0x0000000100000000)
  region size 1024K, 3 young (3072K), 3 survivors (3072K)
 Metaspace       used 101734K, committed 102464K, reserved 1179648K
  class space    used 13874K, committed 14208K, reserved 1048576K
}
Event: 51.989 GC heap before
{Heap before GC invocations=57 (full 0):
 garbage-first heap   total 502784K, used 346624K [0x0000000080000000, 0x0000000100000000)
  region size 1024K, 71 young (72704K), 3 survivors (3072K)
 Metaspace       used 102896K, committed 103552K, reserved 1179648K
  class space    used 14023K, committed 14336K, reserved 1048576K
}
Event: 52.006 GC heap after
{Heap after GC invocations=58 (full 0):
 garbage-first heap   total 502784K, used 280303K [0x0000000080000000, 0x0000000100000000)
  region size 1024K, 6 young (6144K), 6 survivors (6144K)
 Metaspace       used 102896K, committed 103552K, reserved 1179648K
  class space    used 14023K, committed 14336K, reserved 1048576K
}
Event: 54.526 GC heap before
{Heap before GC invocations=58 (full 0):
 garbage-first heap   total 502784K, used 406255K [0x0000000080000000, 0x0000000100000000)
  region size 1024K, 102 young (104448K), 6 survivors (6144K)
 Metaspace       used 103306K, committed 104000K, reserved 1179648K
  class space    used 14070K, committed 14400K, reserved 1048576K
}
Event: 54.585 GC heap after
{Heap after GC invocations=59 (full 0):
 garbage-first heap   total 502784K, used 315136K [0x0000000080000000, 0x0000000100000000)
  region size 1024K, 13 young (13312K), 13 survivors (13312K)
 Metaspace       used 103306K, committed 104000K, reserved 1179648K
  class space    used 14070K, committed 14400K, reserved 1048576K
}
Event: 55.646 GC heap before
{Heap before GC invocations=59 (full 0):
 garbage-first heap   total 502784K, used 413440K [0x0000000080000000, 0x0000000100000000)
  region size 1024K, 96 young (98304K), 13 survivors (13312K)
 Metaspace       used 103502K, committed 104192K, reserved 1179648K
  class space    used 14097K, committed 14400K, reserved 1048576K
}
Event: 55.685 GC heap after
{Heap after GC invocations=60 (full 0):
 garbage-first heap   total 502784K, used 337684K [0x0000000080000000, 0x0000000100000000)
  region size 1024K, 11 young (11264K), 11 survivors (11264K)
 Metaspace       used 103502K, committed 104192K, reserved 1179648K
  class space    used 14097K, committed 14400K, reserved 1048576K
}
Event: 55.792 GC heap before
{Heap before GC invocations=60 (full 0):
 garbage-first heap   total 502784K, used 410388K [0x0000000080000000, 0x0000000100000000)
  region size 1024K, 83 young (84992K), 11 survivors (11264K)
 Metaspace       used 103502K, committed 104192K, reserved 1179648K
  class space    used 14097K, committed 14400K, reserved 1048576K
}
Event: 55.823 GC heap after
{Heap after GC invocations=61 (full 0):
 garbage-first heap   total 502784K, used 353884K [0x0000000080000000, 0x0000000100000000)
  region size 1024K, 11 young (11264K), 11 survivors (11264K)
 Metaspace       used 103502K, committed 104192K, reserved 1179648K
  class space    used 14097K, committed 14400K, reserved 1048576K
}
Event: 56.280 GC heap before
{Heap before GC invocations=61 (full 0):
 garbage-first heap   total 502784K, used 435804K [0x0000000080000000, 0x0000000100000000)
  region size 1024K, 72 young (73728K), 11 survivors (11264K)
 Metaspace       used 103580K, committed 104256K, reserved 1179648K
  class space    used 14100K, committed 14400K, reserved 1048576K
}

