# JRE version: OpenJDK Runtime Environment JBR-17.0.8+7-1000.8-nomod (17.0.8+7) (build 17.0.8+7-b1000.8)
# Java VM: OpenJDK 64-Bit Server VM JBR-17.0.8+7-1000.8-nomod (17.0.8+7-b1000.8, mixed mode, tiered, compressed oops, compressed class ptrs, g1 gc, windows-amd64)
GC Precious Log:
 CPUs: 4 total, 4 available
 Memory: 6023M
 Large Page Support: Disabled
 NUMA Support: Disabled
 Compressed Oops: Enabled (32-bit)
 Heap Region Size: 1M
 Heap Min Capacity: 8M
 Heap Initial Capacity: 96M
 Heap Max Capacity: 2G
 Pre-touch: Disabled
 Parallel Workers: 4
 Concurrent Workers: 1
 Concurrent Refinement Workers: 4
 Periodic GC: Disabled
Heap:
 garbage-first heap   total 301056K, used 151658K [0x0000000080000000, 0x0000000100000000)
  region size 1024K, 3 young (3072K), 3 survivors (3072K)
 Metaspace       used 91772K, committed 92480K, reserved 1179648K
  class space    used 12376K, committed 12672K, reserved 1048576K
GC Heap History (20 events):
Event: 30.730 GC heap after
{Heap after GC invocations=41 (full 0):
 garbage-first heap   total 191488K, used 58901K [0x0000000080000000, 0x0000000100000000)
  region size 1024K, 2 young (2048K), 2 survivors (2048K)
 Metaspace       used 73662K, committed 74240K, reserved 1114112K
  class space    used 9856K, committed 10112K, reserved 1048576K
}
Event: 32.381 GC heap before
{Heap before GC invocations=41 (full 0):
 garbage-first heap   total 191488K, used 139797K [0x0000000080000000, 0x0000000100000000)
  region size 1024K, 81 young (82944K), 2 survivors (2048K)
 Metaspace       used 80193K, committed 80768K, reserved 1179648K
  class space    used 10854K, committed 11136K, reserved 1048576K
}
Event: 32.390 GC heap after
{Heap after GC invocations=42 (full 0):
 garbage-first heap   total 191488K, used 63820K [0x0000000080000000, 0x0000000100000000)
  region size 1024K, 7 young (7168K), 7 survivors (7168K)
 Metaspace       used 80193K, committed 80768K, reserved 1179648K
  class space    used 10854K, committed 11136K, reserved 1048576K
}
Event: 33.621 GC heap before
{Heap before GC invocations=42 (full 0):
 garbage-first heap   total 191488K, used 142668K [0x0000000080000000, 0x0000000100000000)
  region size 1024K, 85 young (87040K), 7 survivors (7168K)
 Metaspace       used 83091K, committed 83776K, reserved 1179648K
  class space    used 11208K, committed 11520K, reserved 1048576K
}
Event: 33.647 GC heap after
{Heap after GC invocations=43 (full 0):
 garbage-first heap   total 191488K, used 75146K [0x0000000080000000, 0x0000000100000000)
  region size 1024K, 11 young (11264K), 11 survivors (11264K)
 Metaspace       used 83091K, committed 83776K, reserved 1179648K
  class space    used 11208K, committed 11520K, reserved 1048576K
}
Event: 38.455 GC heap before
{Heap before GC invocations=43 (full 0):
 garbage-first heap   total 191488K, used 144778K [0x0000000080000000, 0x0000000100000000)
  region size 1024K, 80 young (81920K), 11 survivors (11264K)
 Metaspace       used 86759K, committed 87360K, reserved 1179648K
  class space    used 11702K, committed 11968K, reserved 1048576K
}
Event: 38.496 GC heap after
{Heap after GC invocations=44 (full 0):
 garbage-first heap   total 191488K, used 83048K [0x0000000080000000, 0x0000000100000000)
  region size 1024K, 8 young (8192K), 8 survivors (8192K)
 Metaspace       used 86759K, committed 87360K, reserved 1179648K
  class space    used 11702K, committed 11968K, reserved 1048576K
}
Event: 41.723 GC heap before
{Heap before GC invocations=44 (full 0):
 garbage-first heap   total 191488K, used 147560K [0x0000000080000000, 0x0000000100000000)
  region size 1024K, 72 young (73728K), 8 survivors (8192K)
 Metaspace       used 87481K, committed 88128K, reserved 1179648K
  class space    used 11771K, committed 12032K, reserved 1048576K
}
Event: 41.748 GC heap after
{Heap after GC invocations=45 (full 0):
 garbage-first heap   total 191488K, used 88025K [0x0000000080000000, 0x0000000100000000)
  region size 1024K, 6 young (6144K), 6 survivors (6144K)
 Metaspace       used 87481K, committed 88128K, reserved 1179648K
  class space    used 11771K, committed 12032K, reserved 1048576K
}
Event: 43.583 GC heap before
{Heap before GC invocations=45 (full 0):
 garbage-first heap   total 191488K, used 150489K [0x0000000080000000, 0x0000000100000000)
  region size 1024K, 68 young (69632K), 6 survivors (6144K)
 Metaspace       used 87945K, committed 88640K, reserved 1179648K
  class space    used 11798K, committed 12096K, reserved 1048576K
}
Event: 43.601 GC heap after
{Heap after GC invocations=46 (full 0):
 garbage-first heap   total 191488K, used 92093K [0x0000000080000000, 0x0000000100000000)
  region size 1024K, 5 young (5120K), 5 survivors (5120K)
 Metaspace       used 87945K, committed 88640K, reserved 1179648K
  class space    used 11798K, committed 12096K, reserved 1048576K
}
Event: 45.503 GC heap before
{Heap before GC invocations=46 (full 0):
 garbage-first heap   total 191488K, used 168893K [0x0000000080000000, 0x0000000100000000)
  region size 1024K, 61 young (62464K), 5 survivors (5120K)
 Metaspace       used 91504K, committed 92160K, reserved 1179648K
  class space    used 12331K, committed 12608K, reserved 1048576K
}
Event: 45.525 GC heap after
{Heap after GC invocations=47 (full 0):
 garbage-first heap   total 191488K, used 117607K [0x0000000080000000, 0x0000000100000000)
  region size 1024K, 9 young (9216K), 9 survivors (9216K)
 Metaspace       used 91504K, committed 92160K, reserved 1179648K
  class space    used 12331K, committed 12608K, reserved 1048576K
}
Event: 45.540 GC heap before
{Heap before GC invocations=47 (full 0):
 garbage-first heap   total 191488K, used 125799K [0x0000000080000000, 0x0000000100000000)
  region size 1024K, 10 young (10240K), 9 survivors (9216K)
 Metaspace       used 91504K, committed 92160K, reserved 1179648K
  class space    used 12331K, committed 12608K, reserved 1048576K
}
Event: 45.552 GC heap after
{Heap after GC invocations=48 (full 0):
 garbage-first heap   total 191488K, used 125580K [0x0000000080000000, 0x0000000100000000)
  region size 1024K, 1 young (1024K), 1 survivors (1024K)
 Metaspace       used 91504K, committed 92160K, reserved 1179648K
  class space    used 12331K, committed 12608K, reserved 1048576K
}
Event: 47.626 GC heap before
{Heap before GC invocations=49 (full 0):
 garbage-first heap   total 301056K, used 202380K [0x0000000080000000, 0x0000000100000000)
  region size 1024K, 27 young (27648K), 1 survivors (1024K)
 Metaspace       used 91768K, committed 92480K, reserved 1179648K
  class space    used 12376K, committed 12672K, reserved 1048576K
}
Event: 47.661 GC heap after
{Heap after GC invocations=50 (full 0):
 garbage-first heap   total 301056K, used 145298K [0x0000000080000000, 0x0000000100000000)
  region size 1024K, 4 young (4096K), 4 survivors (4096K)
 Metaspace       used 91768K, committed 92480K, reserved 1179648K
  class space    used 12376K, committed 12672K, reserved 1048576K
}
Event: 47.768 GC heap before
{Heap before GC invocations=50 (full 0):
 garbage-first heap   total 301056K, used 154514K [0x0000000080000000, 0x0000000100000000)
  region size 1024K, 14 young (14336K), 4 survivors (4096K)
 Metaspace       used 91772K, committed 92480K, reserved 1179648K
  class space    used 12376K, committed 12672K, reserved 1048576K
}
Event: 47.800 GC heap after
{Heap after GC invocations=51 (full 0):
 garbage-first heap   total 301056K, used 150733K [0x0000000080000000, 0x0000000100000000)
  region size 1024K, 2 young (2048K), 2 survivors (2048K)
 Metaspace       used 91772K, committed 92480K, reserved 1179648K
  class space    used 12376K, committed 12672K, reserved 1048576K
}
Event: 47.822 GC heap before
{Heap before GC invocations=51 (full 0):
 garbage-first heap   total 301056K, used 152781K [0x0000000080000000, 0x0000000100000000)
  region size 1024K, 5 young (5120K), 2 survivors (2048K)
 Metaspace       used 91772K, committed 92480K, reserved 1179648K
  class space    used 12376K, committed 12672K, reserved 1048576K
}

